<?xml version="1.0" encoding="UTF-8"?>
<testng-results ignored="0" total="3" passed="3" failed="0" skipped="0">
  <reporter-output>
  </reporter-output>
  <suite started-at="2025-08-29T15:26:35 IST" name="CrossBrowserSuite" finished-at="2025-08-29T15:27:10 IST" duration-ms="34523">
    <groups>
    </groups>
    <test started-at="2025-08-29T15:26:35 IST" name="ChromeTest" finished-at="2025-08-29T15:26:43 IST" duration-ms="7990">
      <class name="PAC1.TC014">
        <test-method signature="test2(java.lang.String)[pri:0, instance:PAC1.TC014@65fb9ffc]" started-at="2025-08-29T15:26:35 IST" name="test2" finished-at="2025-08-29T15:26:43 IST" duration-ms="7316" status="PASS">
          <params>
            <param index="0">
              <value>
                <![CDATA[chrome]]>
              </value>
            </param>
          </params>
          <reporter-output>
          </reporter-output>
        </test-method> <!-- test2 -->
        <test-method is-config="true" signature="tearDown()[pri:0, instance:PAC1.TC014@65fb9ffc]" started-at="2025-08-29T15:26:43 IST" name="tearDown" finished-at="2025-08-29T15:26:43 IST" duration-ms="598" status="PASS">
          <reporter-output>
          </reporter-output>
        </test-method> <!-- tearDown -->
      </class> <!-- PAC1.TC014 -->
    </test> <!-- ChromeTest -->
    <test started-at="2025-08-29T15:26:43 IST" name="FirefoxTest" finished-at="2025-08-29T15:26:53 IST" duration-ms="9385">
      <class name="PAC1.TC014">
        <test-method signature="test2(java.lang.String)[pri:0, instance:PAC1.TC014@7a8c8dcf]" started-at="2025-08-29T15:26:43 IST" name="test2" finished-at="2025-08-29T15:26:51 IST" duration-ms="7889" status="PASS">
          <params>
            <param index="0">
              <value>
                <![CDATA[firefox]]>
              </value>
            </param>
          </params>
          <reporter-output>
          </reporter-output>
        </test-method> <!-- test2 -->
        <test-method is-config="true" signature="tearDown()[pri:0, instance:PAC1.TC014@7a8c8dcf]" started-at="2025-08-29T15:26:51 IST" name="tearDown" finished-at="2025-08-29T15:26:53 IST" duration-ms="1483" status="PASS">
          <reporter-output>
          </reporter-output>
        </test-method> <!-- tearDown -->
      </class> <!-- PAC1.TC014 -->
    </test> <!-- FirefoxTest -->
    <test started-at="2025-08-29T15:26:53 IST" name="EdgeTest" finished-at="2025-08-29T15:27:10 IST" duration-ms="17116">
      <class name="PAC1.TC014">
        <test-method signature="test2(java.lang.String)[pri:0, instance:PAC1.TC014@24aed80c]" started-at="2025-08-29T15:26:53 IST" name="test2" finished-at="2025-08-29T15:27:09 IST" duration-ms="16775" status="PASS">
          <params>
            <param index="0">
              <value>
                <![CDATA[edge]]>
              </value>
            </param>
          </params>
          <reporter-output>
          </reporter-output>
        </test-method> <!-- test2 -->
        <test-method is-config="true" signature="tearDown()[pri:0, instance:PAC1.TC014@24aed80c]" started-at="2025-08-29T15:27:09 IST" name="tearDown" finished-at="2025-08-29T15:27:10 IST" duration-ms="331" status="PASS">
          <reporter-output>
          </reporter-output>
        </test-method> <!-- tearDown -->
      </class> <!-- PAC1.TC014 -->
    </test> <!-- EdgeTest -->
  </suite> <!-- CrossBrowserSuite -->
</testng-results>
